Performing C SOURCE FILE Test CMAKE_HAVE_LIBC_PTHREAD failed with the following output:
Change Dir: /home/yusukemizoguchi/workspace/src/pilot-auto.x2/src/autoware/universe/sensing/pointcloud_preprocessor/cmake-build-debug/CMakeFiles/CMakeTmp

Run Build Command(s):/usr/bin/make -f Makefile cmTC_cf559/fast && /usr/bin/make  -f CMakeFiles/cmTC_cf559.dir/build.make CMakeFiles/cmTC_cf559.dir/build
make[1]: ディレクトリ '/home/yusukemizoguchi/workspace/src/pilot-auto.x2/src/autoware/universe/sensing/pointcloud_preprocessor/cmake-build-debug/CMakeFiles/CMakeTmp' に入ります
Building C object CMakeFiles/cmTC_cf559.dir/src.c.o
/usr/bin/cc -DCMAKE_HAVE_LIBC_PTHREAD   -o CMakeFiles/cmTC_cf559.dir/src.c.o -c /home/yusukemizoguchi/workspace/src/pilot-auto.x2/src/autoware/universe/sensing/pointcloud_preprocessor/cmake-build-debug/CMakeFiles/CMakeTmp/src.c
Linking C executable cmTC_cf559
/home/yusukemizoguchi/clion-2021.2.3/bin/cmake/linux/bin/cmake -E cmake_link_script CMakeFiles/cmTC_cf559.dir/link.txt --verbose=1
/usr/bin/cc CMakeFiles/cmTC_cf559.dir/src.c.o -o cmTC_cf559 
/usr/bin/ld: CMakeFiles/cmTC_cf559.dir/src.c.o: in function `main':
src.c:(.text+0x46): undefined reference to `pthread_create'
/usr/bin/ld: src.c:(.text+0x52): undefined reference to `pthread_detach'
/usr/bin/ld: src.c:(.text+0x5e): undefined reference to `pthread_cancel'
/usr/bin/ld: src.c:(.text+0x6f): undefined reference to `pthread_join'
collect2: error: ld returned 1 exit status
make[1]: *** [CMakeFiles/cmTC_cf559.dir/build.make:99: cmTC_cf559] エラー 1
make[1]: ディレクトリ '/home/yusukemizoguchi/workspace/src/pilot-auto.x2/src/autoware/universe/sensing/pointcloud_preprocessor/cmake-build-debug/CMakeFiles/CMakeTmp' から出ます
make: *** [Makefile:127: cmTC_cf559/fast] エラー 2


Source file was:
#include <pthread.h>

static void* test_func(void* data)
{
  return data;
}

int main(void)
{
  pthread_t thread;
  pthread_create(&thread, NULL, test_func, NULL);
  pthread_detach(thread);
  pthread_cancel(thread);
  pthread_join(thread, NULL);
  pthread_atfork(NULL, NULL, NULL);
  pthread_exit(NULL);

  return 0;
}

Determining if the function pthread_create exists in the pthreads failed with the following output:
Change Dir: /home/yusukemizoguchi/workspace/src/pilot-auto.x2/src/autoware/universe/sensing/pointcloud_preprocessor/cmake-build-debug/CMakeFiles/CMakeTmp

Run Build Command(s):/usr/bin/make -f Makefile cmTC_a1d72/fast && /usr/bin/make  -f CMakeFiles/cmTC_a1d72.dir/build.make CMakeFiles/cmTC_a1d72.dir/build
make[1]: ディレクトリ '/home/yusukemizoguchi/workspace/src/pilot-auto.x2/src/autoware/universe/sensing/pointcloud_preprocessor/cmake-build-debug/CMakeFiles/CMakeTmp' に入ります
Building C object CMakeFiles/cmTC_a1d72.dir/CheckFunctionExists.c.o
/usr/bin/cc   -DCHECK_FUNCTION_EXISTS=pthread_create -o CMakeFiles/cmTC_a1d72.dir/CheckFunctionExists.c.o -c /home/yusukemizoguchi/clion-2021.2.3/bin/cmake/linux/share/cmake-3.20/Modules/CheckFunctionExists.c
Linking C executable cmTC_a1d72
/home/yusukemizoguchi/clion-2021.2.3/bin/cmake/linux/bin/cmake -E cmake_link_script CMakeFiles/cmTC_a1d72.dir/link.txt --verbose=1
/usr/bin/cc   -DCHECK_FUNCTION_EXISTS=pthread_create CMakeFiles/cmTC_a1d72.dir/CheckFunctionExists.c.o -o cmTC_a1d72  -lpthreads 
/usr/bin/ld: -lpthreads が見つかりません
collect2: error: ld returned 1 exit status
make[1]: *** [CMakeFiles/cmTC_a1d72.dir/build.make:99: cmTC_a1d72] エラー 1
make[1]: ディレクトリ '/home/yusukemizoguchi/workspace/src/pilot-auto.x2/src/autoware/universe/sensing/pointcloud_preprocessor/cmake-build-debug/CMakeFiles/CMakeTmp' から出ます
make: *** [Makefile:127: cmTC_a1d72/fast] エラー 2



